{"name": "Код ошибки 400 при незаполненном обязательном поле", "status": "failed", "statusDetails": {"message": "AssertionError: assert 504 == 400\n +  where 504 = <Response [504]>.status_code", "trace": "self = <test_login_courier.TestCourierLogin object at 0x000002A57734A240>, create_courier_payload = {'firstName': 'olldtlexqm', 'login': 'lbyztzhpad', 'password': 'wkkjdesvxf'}, missing_field = 'password'\n\n    @allure.title(\"Код ошибки 400 при незаполненном обязательном поле\")\n    @pytest.mark.parametrize(\"missing_field\", [\"login\", \"password\"])\n    def test_login_missing_field_fail_400(self, create_courier_payload, missing_field):\n    \n        incomplete_payload = create_courier_payload.copy()\n        incomplete_payload.pop(missing_field)\n    \n        response = CourierLogin.login_courier(incomplete_payload)\n    \n>       assert response.status_code == 400\nE       assert 504 == 400\nE        +  where 504 = <Response [504]>.status_code\n\ntests\\test_login_courier.py:52: AssertionError"}, "steps": [{"name": "Авторизация курьера", "status": "passed", "parameters": [{"name": "payload", "value": "{'login': 'lbyztzhpad', 'firstName': 'olldtlexqm'}"}], "start": 1772038025023, "stop": 1772038085530}], "parameters": [{"name": "missing_field", "value": "'password'"}], "start": 1772038025023, "stop": 1772038085530, "uuid": "d17c265d-41b2-4684-80df-97aca343a429", "historyId": "c82157190294e11e5ccef46607101771", "testCaseId": "e7c8ab20975d938e253bf05edf74200d", "fullName": "tests.test_login_courier.TestCourierLogin#test_login_missing_field_fail_400", "labels": [{"name": "parentSuite", "value": "tests"}, {"name": "suite", "value": "test_login_courier"}, {"name": "subSuite", "value": "TestCourierLogin"}, {"name": "host", "value": "DESKTOP-OTPTN3S"}, {"name": "thread", "value": "4180-MainThread"}, {"name": "framework", "value": "pytest"}, {"name": "language", "value": "cpython3"}, {"name": "package", "value": "tests.test_login_courier"}], "titlePath": ["tests", "test_login_courier.py", "TestCourierLogin"]}